<?xml version="1.0" encoding="UTF-8"?>
<!-- Generated by org.testng.reporters.JUnitXMLReporter -->
<testsuite ignored="0" hostname="LAPTOP-09C6IB5F" failures="0" tests="1" name="Test1" time="8.528" errors="0" timestamp="2024-05-08T21:44:35 IST">
  <testcase classname="test.LeaveListStatus" name="@BeforeMethod loginUser" time="0.089">
    <failure type="java.io.IOException" message="Your InputStream was neither an OLE2 stream, nor an OOXML stream or you haven&amp;apos;t provide the poi-ooxml*.jar in the classpath/modulepath - FileMagic: OOXML, having providers: [org.apache.poi.hssf.usermodel.HSSFWorkbookFactory@45be7cd5]">
      <![CDATA[java.io.IOException: Your InputStream was neither an OLE2 stream, nor an OOXML stream or you haven't provide the poi-ooxml*.jar in the classpath/modulepath - FileMagic: OOXML, having providers: [org.apache.poi.hssf.usermodel.HSSFWorkbookFactory@45be7cd5]
at org.apache.poi.ss.usermodel.WorkbookFactory.wp(WorkbookFactory.java:334)
at org.apache.poi.ss.usermodel.WorkbookFactory.create(WorkbookFactory.java:224)
at org.apache.poi.ss.usermodel.WorkbookFactory.create(WorkbookFactory.java:185)
at utils.Utility.getDataFromExcelSheet(Utility.java:30)
at test.LeaveListStatus.loginUser(LeaveListStatus.java:69)
at java.base/java.util.ArrayList.forEach(ArrayList.java:1596)
... Removed 29 stack frames]]>
    </failure>
  </testcase> <!-- @BeforeMethod loginUser -->
  <testcase classname="test.LeaveListStatus" name="@AfterMethod takeScreenshotOfFailedTest" time="-1.715184875368E9">
    <skipped/>
  </testcase> <!-- @AfterMethod takeScreenshotOfFailedTest -->
  <testcase classname="test.LeaveListStatus" name="@AfterClass closePOMclasses" time="-1.715184875371E9">
    <skipped/>
  </testcase> <!-- @AfterClass closePOMclasses -->
  <testcase classname="test.LeaveListStatus" name="@AfterTest closeBrowser" time="-1.715184875374E9">
    <skipped/>
  </testcase> <!-- @AfterTest closeBrowser -->
  <testcase classname="test.LeaveListStatus" name="verifyUserCheckLeaveStatusOfEmployees" time="0.0">
    <skipped/>
  </testcase> <!-- verifyUserCheckLeaveStatusOfEmployees -->
</testsuite> <!-- Test1 -->
